2025-05-06 11:01:41,376,27 INFO - ✅ Truncated table clients - [migrator.py:52 - truncate()]
2025-05-06 11:01:41,376,27 INFO - ✅ Initialized connection: ORACLE → MYSQL, SE_CLIENT → clients. - [migrator.py:165 - migrate()]
2025-05-06 11:01:41,378,27 INFO - ✅ Total rows in source query: 4914 - [migrator.py:68 - count_rows()]
2025-05-06 11:01:41,391,27 INFO - ✅ Progress [1][0 ➝ 100][100][SE_CLIENT(100) ➝ clients(100)] - [migrator.py:194 - migrate()]
2025-05-06 11:01:41,409,27 INFO - ✅ Progress [2][100 ➝ 200][100][SE_CLIENT(200) ➝ clients(200)] - [migrator.py:194 - migrate()]
2025-05-06 11:01:41,423,27 INFO - ✅ Progress [3][200 ➝ 300][100][SE_CLIENT(300) ➝ clients(300)] - [migrator.py:194 - migrate()]
2025-05-06 11:01:41,445,27 INFO - ✅ Progress [4][300 ➝ 400][100][SE_CLIENT(400) ➝ clients(400)] - [migrator.py:194 - migrate()]
2025-05-06 11:01:41,469,27 INFO - ✅ Progress [5][400 ➝ 500][100][SE_CLIENT(500) ➝ clients(500)] - [migrator.py:194 - migrate()]
2025-05-06 11:01:41,490,27 INFO - ✅ Progress [6][500 ➝ 600][100][SE_CLIENT(600) ➝ clients(600)] - [migrator.py:194 - migrate()]
2025-05-06 11:01:41,506,27 INFO - ✅ Progress [7][600 ➝ 700][100][SE_CLIENT(700) ➝ clients(700)] - [migrator.py:194 - migrate()]
2025-05-06 11:01:41,521,27 INFO - ✅ Progress [8][700 ➝ 800][100][SE_CLIENT(800) ➝ clients(800)] - [migrator.py:194 - migrate()]
2025-05-06 11:01:41,606,27 INFO - ✅ Progress [9][800 ➝ 900][100][SE_CLIENT(900) ➝ clients(900)] - [migrator.py:194 - migrate()]
2025-05-06 11:01:41,623,27 INFO - ✅ Progress [10][900 ➝ 1000][100][SE_CLIENT(1000) ➝ clients(1000)] - [migrator.py:194 - migrate()]
2025-05-06 11:01:41,640,27 INFO - ✅ Progress [11][1000 ➝ 1100][100][SE_CLIENT(1100) ➝ clients(1100)] - [migrator.py:194 - migrate()]
2025-05-06 11:01:41,659,27 INFO - ✅ Progress [12][1100 ➝ 1200][100][SE_CLIENT(1200) ➝ clients(1200)] - [migrator.py:194 - migrate()]
2025-05-06 11:01:41,677,27 INFO - ✅ Progress [13][1200 ➝ 1300][100][SE_CLIENT(1300) ➝ clients(1300)] - [migrator.py:194 - migrate()]
2025-05-06 11:01:41,694,27 INFO - ✅ Progress [14][1300 ➝ 1400][100][SE_CLIENT(1400) ➝ clients(1400)] - [migrator.py:194 - migrate()]
2025-05-06 11:01:41,711,27 INFO - ✅ Progress [15][1400 ➝ 1500][100][SE_CLIENT(1500) ➝ clients(1500)] - [migrator.py:194 - migrate()]
2025-05-06 11:01:41,729,27 INFO - ✅ Progress [16][1500 ➝ 1600][100][SE_CLIENT(1600) ➝ clients(1600)] - [migrator.py:194 - migrate()]
2025-05-06 11:01:41,748,27 INFO - ✅ Progress [17][1600 ➝ 1700][100][SE_CLIENT(1700) ➝ clients(1700)] - [migrator.py:194 - migrate()]
2025-05-06 11:01:41,767,27 INFO - ✅ Progress [18][1700 ➝ 1800][100][SE_CLIENT(1800) ➝ clients(1800)] - [migrator.py:194 - migrate()]
2025-05-06 11:01:41,785,27 INFO - ✅ Progress [19][1800 ➝ 1900][100][SE_CLIENT(1900) ➝ clients(1900)] - [migrator.py:194 - migrate()]
2025-05-06 11:01:41,804,27 INFO - ✅ Progress [20][1900 ➝ 2000][100][SE_CLIENT(2000) ➝ clients(2000)] - [migrator.py:194 - migrate()]
2025-05-06 11:01:41,825,27 INFO - ✅ Progress [21][2000 ➝ 2100][100][SE_CLIENT(2100) ➝ clients(2100)] - [migrator.py:194 - migrate()]
2025-05-06 11:01:41,845,27 INFO - ✅ Progress [22][2100 ➝ 2200][100][SE_CLIENT(2200) ➝ clients(2200)] - [migrator.py:194 - migrate()]
2025-05-06 11:01:41,865,27 INFO - ✅ Progress [23][2200 ➝ 2300][100][SE_CLIENT(2300) ➝ clients(2300)] - [migrator.py:194 - migrate()]
2025-05-06 11:01:41,885,27 INFO - ✅ Progress [24][2300 ➝ 2400][100][SE_CLIENT(2400) ➝ clients(2400)] - [migrator.py:194 - migrate()]
2025-05-06 11:01:41,906,27 INFO - ✅ Progress [25][2400 ➝ 2500][100][SE_CLIENT(2500) ➝ clients(2500)] - [migrator.py:194 - migrate()]
2025-05-06 11:01:41,927,27 INFO - ✅ Progress [26][2500 ➝ 2600][100][SE_CLIENT(2600) ➝ clients(2600)] - [migrator.py:194 - migrate()]
2025-05-06 11:01:41,948,27 INFO - ✅ Progress [27][2600 ➝ 2700][100][SE_CLIENT(2700) ➝ clients(2700)] - [migrator.py:194 - migrate()]
2025-05-06 11:01:41,977,27 INFO - ✅ Progress [28][2700 ➝ 2800][100][SE_CLIENT(2800) ➝ clients(2800)] - [migrator.py:194 - migrate()]
2025-05-06 11:01:41,999,27 INFO - ✅ Progress [29][2800 ➝ 2900][100][SE_CLIENT(2900) ➝ clients(2900)] - [migrator.py:194 - migrate()]
2025-05-06 11:01:42,020,27 INFO - ✅ Progress [30][2900 ➝ 3000][100][SE_CLIENT(3000) ➝ clients(3000)] - [migrator.py:194 - migrate()]
2025-05-06 11:01:42,042,27 INFO - ✅ Progress [31][3000 ➝ 3100][100][SE_CLIENT(3100) ➝ clients(3100)] - [migrator.py:194 - migrate()]
2025-05-06 11:01:42,066,27 INFO - ✅ Progress [32][3100 ➝ 3200][100][SE_CLIENT(3200) ➝ clients(3200)] - [migrator.py:194 - migrate()]
2025-05-06 11:01:42,090,27 INFO - ✅ Progress [33][3200 ➝ 3300][100][SE_CLIENT(3300) ➝ clients(3300)] - [migrator.py:194 - migrate()]
2025-05-06 11:01:42,114,27 INFO - ✅ Progress [34][3300 ➝ 3400][100][SE_CLIENT(3400) ➝ clients(3400)] - [migrator.py:194 - migrate()]
2025-05-06 11:01:42,136,27 INFO - ✅ Progress [35][3400 ➝ 3500][100][SE_CLIENT(3500) ➝ clients(3500)] - [migrator.py:194 - migrate()]
2025-05-06 11:01:42,159,27 INFO - ✅ Progress [36][3500 ➝ 3600][100][SE_CLIENT(3600) ➝ clients(3600)] - [migrator.py:194 - migrate()]
2025-05-06 11:01:42,184,27 INFO - ✅ Progress [37][3600 ➝ 3700][100][SE_CLIENT(3700) ➝ clients(3700)] - [migrator.py:194 - migrate()]
2025-05-06 11:01:42,208,27 INFO - ✅ Progress [38][3700 ➝ 3800][100][SE_CLIENT(3800) ➝ clients(3800)] - [migrator.py:194 - migrate()]
2025-05-06 11:01:42,239,27 INFO - ✅ Progress [39][3800 ➝ 3900][100][SE_CLIENT(3900) ➝ clients(3900)] - [migrator.py:194 - migrate()]
2025-05-06 11:01:42,284,27 INFO - ✅ Progress [40][3900 ➝ 4000][100][SE_CLIENT(4000) ➝ clients(4000)] - [migrator.py:194 - migrate()]
2025-05-06 11:01:42,308,27 INFO - ✅ Progress [41][4000 ➝ 4100][100][SE_CLIENT(4100) ➝ clients(4100)] - [migrator.py:194 - migrate()]
2025-05-06 11:01:42,332,27 INFO - ✅ Progress [42][4100 ➝ 4200][100][SE_CLIENT(4200) ➝ clients(4200)] - [migrator.py:194 - migrate()]
2025-05-06 11:01:42,356,27 INFO - ✅ Progress [43][4200 ➝ 4300][100][SE_CLIENT(4300) ➝ clients(4300)] - [migrator.py:194 - migrate()]
2025-05-06 11:01:42,391,27 INFO - ✅ Progress [44][4300 ➝ 4400][100][SE_CLIENT(4400) ➝ clients(4400)] - [migrator.py:194 - migrate()]
2025-05-06 11:01:42,415,27 INFO - ✅ Progress [45][4400 ➝ 4500][100][SE_CLIENT(4500) ➝ clients(4500)] - [migrator.py:194 - migrate()]
2025-05-06 11:01:42,440,27 INFO - ✅ Progress [46][4500 ➝ 4600][100][SE_CLIENT(4600) ➝ clients(4600)] - [migrator.py:194 - migrate()]
2025-05-06 11:01:42,465,27 INFO - ✅ Progress [47][4600 ➝ 4700][100][SE_CLIENT(4700) ➝ clients(4700)] - [migrator.py:194 - migrate()]
2025-05-06 11:01:42,491,27 INFO - ✅ Progress [48][4700 ➝ 4800][100][SE_CLIENT(4800) ➝ clients(4800)] - [migrator.py:194 - migrate()]
2025-05-06 11:01:42,517,27 INFO - ✅ Progress [49][4800 ➝ 4900][100][SE_CLIENT(4900) ➝ clients(4900)] - [migrator.py:194 - migrate()]
2025-05-06 11:01:42,538,27 INFO - ✅ Progress [50][4900 ➝ 4914][14][SE_CLIENT(4914) ➝ clients(4914)] - [migrator.py:194 - migrate()]
2025-05-06 11:01:42,553,27 INFO - ✅ Migration Done - Total fetched: 4914, Total inserted: 4914 - [migrator.py:201 - migrate()]
2025-05-06 11:01:42,556,27 INFO - ✅ Closed database connections - [migrator.py:213 - migrate()]
